<?xml version="1.0" encoding="UTF-8"?>
<!-- Generated by org.testng.reporters.JUnitXMLReporter -->
<testsuite ignored="0" hostname="SHREYAS" failures="2" tests="6" name="Test" time="55.931" errors="0" timestamp="2024-11-23T13:11:49 IST">
  <testcase classname="testCases.TC_01" name="verify_account_registation" time="3.278"/>
  <testcase classname="testCases.TC_02" name="verify_login" time="8.61"/>
  <testcase classname="testCases.TC_02_DDT" name="verify_loginDDT" time="8.749"/>
  <testcase classname="testCases.TC_02_DDT" name="verify_loginDDT" time="9.092"/>
  <testcase classname="testCases.TC_02_DDT" name="verify_loginDDT" time="1.836">
    <failure type="java.lang.AssertionError" message="expected [true] but found [false]">
      <![CDATA[java.lang.AssertionError: expected [true] but found [false]
at testCases.TC_02_DDT.verify_loginDDT(TC_02_DDT.java:56)
at java.base/java.util.ArrayList.forEach(ArrayList.java:1597)
... Removed 29 stack frames]]>
    </failure>
  </testcase> <!-- verify_loginDDT -->
  <testcase classname="testCases.TC_02_DDT" name="verify_loginDDT" time="4.564">
    <failure type="java.lang.AssertionError" message="expected [true] but found [false]">
      <![CDATA[java.lang.AssertionError: expected [true] but found [false]
at testCases.TC_02_DDT.verify_loginDDT(TC_02_DDT.java:47)
at java.base/java.util.ArrayList.forEach(ArrayList.java:1597)
... Removed 29 stack frames]]>
    </failure>
  </testcase> <!-- verify_loginDDT -->
</testsuite> <!-- Test -->
