<?xml version="1.0" encoding="UTF-8"?>
<!-- Generated by org.testng.reporters.JUnitXMLReporter -->
<testsuite ignored="1" hostname="SHREYAS" failures="0" tests="2" name="Test" time="20.928" errors="0" timestamp="2024-11-20T15:05:09 IST">
  <testcase classname="testCases.TC_01" name="verify_account_registation" time="2.48"/>
  <testcase classname="testCases.TC_02" name="verify_login" time="8.905"/>
  <testcase classname="testCases.TC_02_DDT" name="verify_loginDDT" time="0.0">
    <ignored/>
  </testcase> <!-- verify_loginDDT -->
</testsuite> <!-- Test -->
