<?xml version="1.0" encoding="UTF-8"?>
<testng-results ignored="0" total="4" passed="4" failed="0" skipped="0">
  <reporter-output>
  </reporter-output>
  <suite started-at="2024-11-24T20:13:26 IST" name="Suite" finished-at="2024-11-24T20:14:38 IST" duration-ms="71915">
    <groups>
      <group name="Master">
        <method signature="TC_01.verify_account_registation()[pri:0, instance:testCases.TC_01@4c5204af]" name="verify_account_registation" class="testCases.TC_01"/>
        <method signature="TC_02.verify_login()[pri:0, instance:testCases.TC_02@777c9dc9]" name="verify_login" class="testCases.TC_02"/>
        <method signature="TC_01.verify_account_registation()[pri:0, instance:testCases.TC_01@7f4037ed]" name="verify_account_registation" class="testCases.TC_01"/>
        <method signature="TC_02.verify_login()[pri:0, instance:testCases.TC_02@24e8de5c]" name="verify_login" class="testCases.TC_02"/>
      </group> <!-- Master -->
      <group name="Sanity">
        <method signature="TC_02.verify_login()[pri:0, instance:testCases.TC_02@777c9dc9]" name="verify_login" class="testCases.TC_02"/>
        <method signature="TC_02.verify_login()[pri:0, instance:testCases.TC_02@24e8de5c]" name="verify_login" class="testCases.TC_02"/>
      </group> <!-- Sanity -->
      <group name="Regression">
        <method signature="TC_01.verify_account_registation()[pri:0, instance:testCases.TC_01@4c5204af]" name="verify_account_registation" class="testCases.TC_01"/>
        <method signature="TC_01.verify_account_registation()[pri:0, instance:testCases.TC_01@7f4037ed]" name="verify_account_registation" class="testCases.TC_01"/>
      </group> <!-- Regression -->
    </groups>
    <test started-at="2024-11-24T20:13:26 IST" name="Linux-Chrome" finished-at="2024-11-24T20:13:54 IST" duration-ms="27979">
      <class name="testCases.TC_02">
        <test-method is-config="true" signature="setup(java.lang.String,java.lang.String)[pri:0, instance:testCases.TC_02@777c9dc9]" started-at="2024-11-24T20:13:44 IST" name="setup" finished-at="2024-11-24T20:13:46 IST" duration-ms="2134" status="PASS">
          <params>
            <param index="0">
              <value>
                <![CDATA[Linux]]>
              </value>
            </param>
            <param index="1">
              <value>
                <![CDATA[chrome]]>
              </value>
            </param>
          </params>
          <reporter-output>
          </reporter-output>
        </test-method> <!-- setup -->
        <test-method signature="verify_login()[pri:0, instance:testCases.TC_02@777c9dc9]" started-at="2024-11-24T20:13:46 IST" name="verify_login" finished-at="2024-11-24T20:13:54 IST" duration-ms="7958" status="PASS">
          <reporter-output>
          </reporter-output>
        </test-method> <!-- verify_login -->
        <test-method is-config="true" signature="tearDown()[pri:0, instance:testCases.TC_02@777c9dc9]" started-at="2024-11-24T20:13:54 IST" name="tearDown" finished-at="2024-11-24T20:13:54 IST" duration-ms="170" status="PASS">
          <reporter-output>
          </reporter-output>
        </test-method> <!-- tearDown -->
      </class> <!-- testCases.TC_02 -->
      <class name="testCases.TC_01">
        <test-method is-config="true" signature="setup(java.lang.String,java.lang.String)[pri:0, instance:testCases.TC_01@4c5204af]" started-at="2024-11-24T20:13:30 IST" name="setup" finished-at="2024-11-24T20:13:39 IST" duration-ms="8823" status="PASS">
          <params>
            <param index="0">
              <value>
                <![CDATA[Linux]]>
              </value>
            </param>
            <param index="1">
              <value>
                <![CDATA[chrome]]>
              </value>
            </param>
          </params>
          <reporter-output>
          </reporter-output>
        </test-method> <!-- setup -->
        <test-method signature="verify_account_registation()[pri:0, instance:testCases.TC_01@4c5204af]" started-at="2024-11-24T20:13:39 IST" name="verify_account_registation" finished-at="2024-11-24T20:13:44 IST" duration-ms="4691" status="PASS">
          <reporter-output>
          </reporter-output>
        </test-method> <!-- verify_account_registation -->
        <test-method is-config="true" signature="tearDown()[pri:0, instance:testCases.TC_01@4c5204af]" started-at="2024-11-24T20:13:44 IST" name="tearDown" finished-at="2024-11-24T20:13:44 IST" duration-ms="208" status="PASS">
          <reporter-output>
          </reporter-output>
        </test-method> <!-- tearDown -->
      </class> <!-- testCases.TC_01 -->
    </test> <!-- Linux-Chrome -->
    <test started-at="2024-11-24T20:13:55 IST" name="Linux-Firefox" finished-at="2024-11-24T20:14:38 IST" duration-ms="42878">
      <class name="testCases.TC_02">
        <test-method is-config="true" signature="setup(java.lang.String,java.lang.String)[pri:0, instance:testCases.TC_02@24e8de5c]" started-at="2024-11-24T20:14:21 IST" name="setup" finished-at="2024-11-24T20:14:29 IST" duration-ms="7884" status="PASS">
          <params>
            <param index="0">
              <value>
                <![CDATA[Linux]]>
              </value>
            </param>
            <param index="1">
              <value>
                <![CDATA[firefox]]>
              </value>
            </param>
          </params>
          <reporter-output>
          </reporter-output>
        </test-method> <!-- setup -->
        <test-method signature="verify_login()[pri:0, instance:testCases.TC_02@24e8de5c]" started-at="2024-11-24T20:14:29 IST" name="verify_login" finished-at="2024-11-24T20:14:37 IST" duration-ms="8080" status="PASS">
          <reporter-output>
          </reporter-output>
        </test-method> <!-- verify_login -->
        <test-method is-config="true" signature="tearDown()[pri:0, instance:testCases.TC_02@24e8de5c]" started-at="2024-11-24T20:14:37 IST" name="tearDown" finished-at="2024-11-24T20:14:38 IST" duration-ms="1257" status="PASS">
          <reporter-output>
          </reporter-output>
        </test-method> <!-- tearDown -->
      </class> <!-- testCases.TC_02 -->
      <class name="testCases.TC_01">
        <test-method is-config="true" signature="setup(java.lang.String,java.lang.String)[pri:0, instance:testCases.TC_01@7f4037ed]" started-at="2024-11-24T20:13:55 IST" name="setup" finished-at="2024-11-24T20:14:16 IST" duration-ms="20470" status="PASS">
          <params>
            <param index="0">
              <value>
                <![CDATA[Linux]]>
              </value>
            </param>
            <param index="1">
              <value>
                <![CDATA[firefox]]>
              </value>
            </param>
          </params>
          <reporter-output>
          </reporter-output>
        </test-method> <!-- setup -->
        <test-method signature="verify_account_registation()[pri:0, instance:testCases.TC_01@7f4037ed]" started-at="2024-11-24T20:14:16 IST" name="verify_account_registation" finished-at="2024-11-24T20:14:19 IST" duration-ms="3843" status="PASS">
          <reporter-output>
          </reporter-output>
        </test-method> <!-- verify_account_registation -->
        <test-method is-config="true" signature="tearDown()[pri:0, instance:testCases.TC_01@7f4037ed]" started-at="2024-11-24T20:14:19 IST" name="tearDown" finished-at="2024-11-24T20:14:21 IST" duration-ms="1332" status="PASS">
          <reporter-output>
          </reporter-output>
        </test-method> <!-- tearDown -->
      </class> <!-- testCases.TC_01 -->
    </test> <!-- Linux-Firefox -->
  </suite> <!-- Suite -->
</testng-results>
